Thu Jun 08 2023 08:21:29 GMT-0600 (Mountain Daylight Saving Time) : Listening on port 3000 
Connected
file written successfully
"8.51285323253388787"
"2013"
"8.51285323253388787"
"2013"
"8.51285323253388787"
"2013"
"8.51285323253388787"
"2013"
"8.51285323253388787"
"2013"
"8.51285323253388787"
"2013"
"8.51285323253388787"
"2013"
"2013"
"8.51285323253388787"
"2013"
"8.51285323253388787"
"2013"
"8.51285323253388787"
"2013"
"8.51285323253388787"
"2013"
"8.51285323253388787"
"2013"
"8.51285323253388787"
"2013"
"8.51285323253388787"
"2013"
"8.51285323253388787"
"2013"
"8.51285323253388787"
"2013"
"8.51285323253388787"
"2013"
"8.51285323253388787"
"2013"
"8.51285323253388787"
"2013"
"8.51285323253388787"
"2013"
"8.51285323253388787"
"2013"
"8.51285323253388787"
"2013"
"8.51285323253388787"
"2013"
"8.51285323253388787"
"2013"
"8.51285323253388787"
"2013"
"8.51285323253388787"
"2013"
"8.51285323253388787"
"2013"
"8.51285323253388787"
"2013"
"8.51285323253388787"
"2013"
"8.51285323253388787"
"2013"
"8.51285323253388787"
"2013"
"8.51285323253388787"
"2013"
"8.51285323253388787"
"2013"
"8.51285323253388787"
"2013"
"8.51285323253388787"
"2013"
"8.51285323253388787"
"2013"
"8.51285323253388787"
"8.51285323253388787"
"2013"
"8.51285323253388787"
"2013"
"8.51285323253388787"
"2013"
"8.51285323253388787"
"2013"
"8.51285323253388787"
"2013"
"8.51285323253388787"
